[15-Jul-2021 10:53:30 UTC] PHP Fatal error:  Redefinition of parameter $url in /var/www/html/seosets/wp-content/plugins/linking/linking/Controller.php on line 160
[15-Jul-2021 10:54:00 UTC] PHP Fatal error:  Redefinition of parameter $url in /var/www/html/seosets/wp-content/plugins/linking/linking/Controller.php on line 160
[17-Jul-2021 06:09:06 UTC] PHP Notice:  Undefined index: pages_filter_dropdown in /var/www/html/seosets/wp-content/plugins/clone_plugin/Clone/Controller.php on line 642
[17-Jul-2021 06:09:06 UTC] PHP Notice:  Undefined index: short_name in /var/www/html/seosets/wp-content/plugins/clone_plugin/Clone/Controller.php on line 643
[17-Jul-2021 07:46:37 UTC] PHP Fatal error:  Cannot redeclare get_header() (previously declared in /var/www/html/seosets/wp-includes/general-template.php:27) in /var/www/html/seosets/wp-content/plugins/linking/linking/Controller.php on line 153
[17-Jul-2021 07:48:37 UTC] PHP Fatal error:  Cannot redeclare get_header() (previously declared in /var/www/html/seosets/wp-includes/general-template.php:27) in /var/www/html/seosets/wp-content/plugins/linking/linking/Controller.php on line 153
[17-Jul-2021 07:50:37 UTC] PHP Parse error:  syntax error, unexpected ';', expecting ')' in /var/www/html/seosets/wp-content/plugins/linking/linking/Controller.php on line 204
[17-Jul-2021 07:51:37 UTC] PHP Parse error:  syntax error, unexpected ';', expecting ')' in /var/www/html/seosets/wp-content/plugins/linking/linking/Controller.php on line 204
[17-Jul-2021 07:53:37 UTC] PHP Parse error:  syntax error, unexpected ';', expecting ')' in /var/www/html/seosets/wp-content/plugins/linking/linking/Controller.php on line 204
[17-Jul-2021 07:55:37 UTC] PHP Parse error:  syntax error, unexpected ';', expecting ')' in /var/www/html/seosets/wp-content/plugins/linking/linking/Controller.php on line 204
[17-Jul-2021 07:56:37 UTC] PHP Parse error:  syntax error, unexpected ';', expecting ')' in /var/www/html/seosets/wp-content/plugins/linking/linking/Controller.php on line 204
[17-Jul-2021 07:57:51 UTC] PHP Parse error:  syntax error, unexpected ';', expecting ')' in /var/www/html/seosets/wp-content/plugins/linking/linking/Controller.php on line 204
[17-Jul-2021 07:58:51 UTC] PHP Parse error:  syntax error, unexpected ';', expecting ')' in /var/www/html/seosets/wp-content/plugins/linking/linking/Controller.php on line 204
[17-Jul-2021 08:00:51 UTC] PHP Parse error:  syntax error, unexpected ';', expecting ')' in /var/www/html/seosets/wp-content/plugins/linking/linking/Controller.php on line 204
[17-Jul-2021 08:01:51 UTC] PHP Parse error:  syntax error, unexpected ';', expecting ')' in /var/www/html/seosets/wp-content/plugins/linking/linking/Controller.php on line 204
[17-Jul-2021 08:03:41 UTC] PHP Parse error:  syntax error, unexpected ';', expecting ')' in /var/www/html/seosets/wp-content/plugins/linking/linking/Controller.php on line 204
[17-Jul-2021 08:04:41 UTC] PHP Parse error:  syntax error, unexpected ';', expecting ')' in /var/www/html/seosets/wp-content/plugins/linking/linking/Controller.php on line 204
[17-Jul-2021 08:05:41 UTC] PHP Parse error:  syntax error, unexpected ';', expecting ')' in /var/www/html/seosets/wp-content/plugins/linking/linking/Controller.php on line 204
[17-Jul-2021 08:07:41 UTC] PHP Parse error:  syntax error, unexpected ';', expecting ')' in /var/www/html/seosets/wp-content/plugins/linking/linking/Controller.php on line 204
[17-Jul-2021 08:09:41 UTC] PHP Parse error:  syntax error, unexpected ';', expecting ')' in /var/www/html/seosets/wp-content/plugins/linking/linking/Controller.php on line 204
[17-Jul-2021 08:11:41 UTC] PHP Parse error:  syntax error, unexpected ';', expecting ')' in /var/www/html/seosets/wp-content/plugins/linking/linking/Controller.php on line 204
[17-Jul-2021 08:13:41 UTC] PHP Parse error:  syntax error, unexpected ';', expecting ')' in /var/www/html/seosets/wp-content/plugins/linking/linking/Controller.php on line 204
[17-Jul-2021 08:50:41 UTC] PHP Parse error:  syntax error, unexpected ';', expecting ')' in /var/www/html/seosets/wp-content/plugins/linking/linking/Controller.php on line 204
[17-Jul-2021 08:51:41 UTC] PHP Parse error:  syntax error, unexpected ';', expecting ')' in /var/www/html/seosets/wp-content/plugins/linking/linking/Controller.php on line 204
[17-Jul-2021 08:52:41 UTC] PHP Parse error:  syntax error, unexpected ';', expecting ')' in /var/www/html/seosets/wp-content/plugins/linking/linking/Controller.php on line 204
[17-Jul-2021 08:54:41 UTC] PHP Parse error:  syntax error, unexpected ';', expecting ')' in /var/www/html/seosets/wp-content/plugins/linking/linking/Controller.php on line 204
[17-Jul-2021 08:56:07 UTC] PHP Parse error:  syntax error, unexpected ';', expecting ')' in /var/www/html/seosets/wp-content/plugins/linking/linking/Controller.php on line 204
[17-Jul-2021 08:57:07 UTC] PHP Parse error:  syntax error, unexpected ';', expecting ')' in /var/www/html/seosets/wp-content/plugins/linking/linking/Controller.php on line 204
[17-Jul-2021 08:58:43 UTC] PHP Parse error:  syntax error, unexpected ';', expecting ')' in /var/www/html/seosets/wp-content/plugins/linking/linking/Controller.php on line 204
[17-Jul-2021 08:59:43 UTC] PHP Parse error:  syntax error, unexpected ';', expecting ')' in /var/www/html/seosets/wp-content/plugins/linking/linking/Controller.php on line 204
[17-Jul-2021 09:00:43 UTC] PHP Parse error:  syntax error, unexpected ';', expecting ')' in /var/www/html/seosets/wp-content/plugins/linking/linking/Controller.php on line 204
[17-Jul-2021 09:01:43 UTC] PHP Parse error:  syntax error, unexpected ';', expecting ')' in /var/www/html/seosets/wp-content/plugins/linking/linking/Controller.php on line 204
[17-Jul-2021 09:03:43 UTC] PHP Parse error:  syntax error, unexpected ';', expecting ')' in /var/www/html/seosets/wp-content/plugins/linking/linking/Controller.php on line 204
[17-Jul-2021 09:04:07 UTC] PHP Parse error:  syntax error, unexpected ';', expecting ')' in /var/www/html/seosets/wp-content/plugins/linking/linking/Controller.php on line 210
[17-Jul-2021 09:04:07 UTC] PHP Notice:  is_embed was called <strong>incorrectly</strong>. Conditional query tags do not work before the query is run. Before then, they always return false. Please see <a href="https://wordpress.org/support/article/debugging-in-wordpress/">Debugging in WordPress</a> for more information. (This message was added in version 3.1.0.) in /var/www/html/seosets/wp-includes/functions.php on line 5313
[17-Jul-2021 09:04:07 UTC] PHP Notice:  is_search was called <strong>incorrectly</strong>. Conditional query tags do not work before the query is run. Before then, they always return false. Please see <a href="https://wordpress.org/support/article/debugging-in-wordpress/">Debugging in WordPress</a> for more information. (This message was added in version 3.1.0.) in /var/www/html/seosets/wp-includes/functions.php on line 5313
[17-Jul-2021 09:04:25 UTC] PHP Fatal error:  Cannot redeclare get_header() (previously declared in /var/www/html/seosets/wp-includes/general-template.php:27) in /var/www/html/seosets/wp-content/plugins/linking/linking/Controller.php on line 159
[17-Jul-2021 09:04:25 UTC] PHP Notice:  is_embed was called <strong>incorrectly</strong>. Conditional query tags do not work before the query is run. Before then, they always return false. Please see <a href="https://wordpress.org/support/article/debugging-in-wordpress/">Debugging in WordPress</a> for more information. (This message was added in version 3.1.0.) in /var/www/html/seosets/wp-includes/functions.php on line 5313
[17-Jul-2021 09:04:25 UTC] PHP Notice:  is_search was called <strong>incorrectly</strong>. Conditional query tags do not work before the query is run. Before then, they always return false. Please see <a href="https://wordpress.org/support/article/debugging-in-wordpress/">Debugging in WordPress</a> for more information. (This message was added in version 3.1.0.) in /var/www/html/seosets/wp-includes/functions.php on line 5313
[17-Jul-2021 09:11:56 UTC] PHP Notice:  Trying to get property 'back_link' of non-object in /var/www/html/seosets/wp-content/plugins/linking/linking/Controller.php on line 191
[17-Jul-2021 09:12:34 UTC] PHP Notice:  Trying to get property 'back_link' of non-object in /var/www/html/seosets/wp-content/plugins/linking/linking/Controller.php on line 191
[17-Jul-2021 09:13:33 UTC] PHP Warning:  Cannot modify header information - headers already sent by (output started at /var/www/html/seosets/wp-includes/formatting.php:5719) in /var/www/html/seosets/wp-includes/rest-api/class-wp-rest-server.php on line 1642
[17-Jul-2021 09:43:36 UTC] PHP Notice:  Undefined variable: linking in /var/www/html/seosets/wp-content/plugins/linking/linking/Controller.php on line 163
[17-Jul-2021 09:45:52 UTC] PHP Notice:  Trying to get property 'back_link' of non-object in /var/www/html/seosets/wp-content/plugins/linking/linking/Controller.php on line 189
[17-Jul-2021 09:45:52 UTC] PHP Notice:  Trying to get property 'back_link' of non-object in /var/www/html/seosets/wp-content/plugins/linking/linking/Controller.php on line 191
[17-Jul-2021 09:46:29 UTC] PHP Notice:  Trying to get property 'back_link' of non-object in /var/www/html/seosets/wp-content/plugins/linking/linking/Controller.php on line 191
[17-Jul-2021 09:49:04 UTC] PHP Warning:  Cannot modify header information - headers already sent by (output started at /var/www/html/seosets/wp-includes/formatting.php:5719) in /var/www/html/seosets/wp-includes/rest-api/class-wp-rest-server.php on line 1642
[17-Jul-2021 09:49:35 UTC] PHP Warning:  Cannot modify header information - headers already sent by (output started at /var/www/html/seosets/wp-includes/formatting.php:5719) in /var/www/html/seosets/wp-includes/rest-api/class-wp-rest-server.php on line 1642
[17-Jul-2021 09:50:19 UTC] PHP Warning:  Cannot modify header information - headers already sent by (output started at /var/www/html/seosets/wp-includes/formatting.php:5719) in /var/www/html/seosets/wp-includes/rest-api/class-wp-rest-server.php on line 1642
[17-Jul-2021 09:51:10 UTC] PHP Warning:  Cannot modify header information - headers already sent by (output started at /var/www/html/seosets/wp-includes/formatting.php:5719) in /var/www/html/seosets/wp-includes/rest-api/class-wp-rest-server.php on line 1642
[17-Jul-2021 09:51:48 UTC] PHP Warning:  Cannot modify header information - headers already sent by (output started at /var/www/html/seosets/wp-includes/formatting.php:5719) in /var/www/html/seosets/wp-includes/rest-api/class-wp-rest-server.php on line 1642
[17-Jul-2021 09:59:49 UTC] PHP Notice:  Undefined index: variable in /var/www/html/seosets/wp-content/plugins/linking/linking/Controller.php on line 201
[17-Jul-2021 10:05:30 UTC] PHP Parse error:  syntax error, unexpected ',', expecting ']' in /var/www/html/seosets/wp-content/plugins/linking/linking/Controller.php on line 190
[17-Jul-2021 10:06:26 UTC] PHP Parse error:  syntax error, unexpected ',', expecting ']' in /var/www/html/seosets/wp-content/plugins/linking/linking/Controller.php on line 190
[17-Jul-2021 10:06:26 UTC] PHP Notice:  is_embed was called <strong>incorrectly</strong>. Conditional query tags do not work before the query is run. Before then, they always return false. Please see <a href="https://wordpress.org/support/article/debugging-in-wordpress/">Debugging in WordPress</a> for more information. (This message was added in version 3.1.0.) in /var/www/html/seosets/wp-includes/functions.php on line 5313
[17-Jul-2021 10:06:26 UTC] PHP Notice:  is_search was called <strong>incorrectly</strong>. Conditional query tags do not work before the query is run. Before then, they always return false. Please see <a href="https://wordpress.org/support/article/debugging-in-wordpress/">Debugging in WordPress</a> for more information. (This message was added in version 3.1.0.) in /var/www/html/seosets/wp-includes/functions.php on line 5313
[17-Jul-2021 10:06:57 UTC] PHP Parse error:  syntax error, unexpected ',', expecting ']' in /var/www/html/seosets/wp-content/plugins/linking/linking/Controller.php on line 190
[17-Jul-2021 10:06:57 UTC] PHP Notice:  is_embed was called <strong>incorrectly</strong>. Conditional query tags do not work before the query is run. Before then, they always return false. Please see <a href="https://wordpress.org/support/article/debugging-in-wordpress/">Debugging in WordPress</a> for more information. (This message was added in version 3.1.0.) in /var/www/html/seosets/wp-includes/functions.php on line 5313
[17-Jul-2021 10:06:57 UTC] PHP Notice:  is_search was called <strong>incorrectly</strong>. Conditional query tags do not work before the query is run. Before then, they always return false. Please see <a href="https://wordpress.org/support/article/debugging-in-wordpress/">Debugging in WordPress</a> for more information. (This message was added in version 3.1.0.) in /var/www/html/seosets/wp-includes/functions.php on line 5313
[17-Jul-2021 10:07:10 UTC] PHP Notice:  Trying to get property 'title' of non-object in /var/www/html/seosets/wp-content/plugins/linking/linking/Controller.php on line 240
[17-Jul-2021 10:07:10 UTC] PHP Notice:  Trying to get property 'description' of non-object in /var/www/html/seosets/wp-content/plugins/linking/linking/Controller.php on line 241
[17-Jul-2021 10:07:10 UTC] PHP Notice:  Trying to get property 'back_link' of non-object in /var/www/html/seosets/wp-content/plugins/linking/linking/Controller.php on line 242
[17-Jul-2021 10:07:10 UTC] PHP Notice:  Undefined index: post_url in /var/www/html/seosets/wp-content/plugins/linking/linking/Controller.php on line 243
[17-Jul-2021 10:08:14 UTC] PHP Notice:  Undefined index: post_url in /var/www/html/seosets/wp-content/plugins/linking/linking/Controller.php on line 243
